<testsuites id="" name="" tests="8" failures="0" skipped="0" errors="1" time="64.348846">
<testsuite name="ui\orangehrm\login.spec.ts" timestamp="2026-08-04T05:31:15.911Z" hostname="chromium" tests="3" failures="0" skipped="0" time="92.683" errors="1">
<testcase name="OrangeHRM - Login Tests › should login successfully with valid credentials" classname="ui\orangehrm\login.spec.ts" time="28.041">
<system-out>
<![CDATA[2026-08-04 11:01:19 [[32minfo[39m]: Navigating to: https://opensource-demo.orangehrmlive.com/web/index.php/auth/login
2026-08-04 11:01:31 [[32minfo[39m]: Logging in to OrangeHRM with username: Admin
]]>
</system-out>
</testcase>
<testcase name="OrangeHRM - Login Tests › should show error with invalid credentials" classname="ui\orangehrm\login.spec.ts" time="23.258">
<system-out>
<![CDATA[2026-08-04 11:01:20 [[32minfo[39m]: Navigating to: https://opensource-demo.orangehrmlive.com/web/index.php/auth/login
2026-08-04 11:01:29 [[32minfo[39m]: Logging in to OrangeHRM with username: invalid_user
]]>
</system-out>
</testcase>
<testcase name="OrangeHRM - Login Tests › should logout successfully" classname="ui\orangehrm\login.spec.ts" time="41.384">
<system-out>
<![CDATA[2026-08-04 11:01:20 [[32minfo[39m]: Navigating to: https://opensource-demo.orangehrmlive.com/web/index.php/auth/login
2026-08-04 11:01:30 [[32minfo[39m]: Logging in to OrangeHRM with username: Admin
2026-08-04 11:01:40 [[32minfo[39m]: Logging out from OrangeHRM
2026-08-04 11:01:59 [[31merror[39m]: Logout failed: TimeoutError: locator.click: Timeout 15000ms exceeded.
Call log:
[2m  - waiting for locator('a[href="/web/index.php/auth/logout"]')[22m
[2m    - locator resolved to <a role="menuitem" class="oxd-userdropdown-link" href="/web/index.php/auth/logout">Logout</a>[22m
[2m  - attempting click action[22m
[2m    2 × waiting for element to be visible, enabled and stable[22m
[2m      - element is not stable[22m
[2m    - retrying click action[22m
[2m    - waiting 20ms[22m
[2m    2 × waiting for element to be visible, enabled and stable[22m
[2m      - element is not stable[22m
[2m    - retrying click action[22m
[2m      - waiting 100ms[22m
[2m    - waiting for element to be visible, enabled and stable[22m
[2m    - element is visible, enabled and stable[22m
[2m    - scrolling into view if needed[22m
[2m    - done scrolling[22m
[2m    - performing click action[22m
[2m    - click action done[22m
[2m    - waiting for scheduled navigations to finish[22m


[[ATTACHMENT|..\test-results\ui-orangehrm-login-OrangeH-01657--should-logout-successfully-chromium\test-failed-1.png]]

[[ATTACHMENT|..\test-results\ui-orangehrm-login-OrangeH-01657--should-logout-successfully-chromium\video.webm]]

[[ATTACHMENT|..\test-results\ui-orangehrm-login-OrangeH-01657--should-logout-successfully-chromium\error-context.md]]

[[ATTACHMENT|..\test-results\ui-orangehrm-login-OrangeH-01657--should-logout-successfully-chromium\trace.zip]]
]]>
</system-out>
<error message="locator.click: Timeout 15000ms exceeded." type="TimeoutError">
<![CDATA[  [chromium] › ui\orangehrm\login.spec.ts:34:7 › OrangeHRM - Login Tests › should logout successfully 

    TimeoutError: locator.click: Timeout 15000ms exceeded.
    Call log:
      - waiting for locator('a[href="/web/index.php/auth/logout"]')
        - locator resolved to <a role="menuitem" class="oxd-userdropdown-link" href="/web/index.php/auth/logout">Logout</a>
      - attempting click action
        2 × waiting for element to be visible, enabled and stable
          - element is not stable
        - retrying click action
        - waiting 20ms
        2 × waiting for element to be visible, enabled and stable
          - element is not stable
        - retrying click action
          - waiting 100ms
        - waiting for element to be visible, enabled and stable
        - element is visible, enabled and stable
        - scrolling into view if needed
        - done scrolling
        - performing click action
        - click action done
        - waiting for scheduled navigations to finish


       at ..\src\base\BasePage.ts:43

      41 |    */
      42 |   async click(locator: Locator): Promise<void> {
    > 43 |     await locator.click();
         |                   ^
      44 |   }
      45 |
      46 |   /**
        at DashboardPage.click (C:\Users\nitpatil\OneDrive - Publicis Groupe\Desktop\playwright-typescript-demo\src\base\BasePage.ts:43:19)
        at DashboardPage.logout (C:\Users\nitpatil\OneDrive - Publicis Groupe\Desktop\playwright-typescript-demo\src\pages\orangehrm\DashboardPage.ts:58:18)
        at C:\Users\nitpatil\OneDrive - Publicis Groupe\Desktop\playwright-typescript-demo\tests\ui\orangehrm\login.spec.ts:40:5

    attachment #1: screenshot (image/png) ──────────────────────────────────────────────────────────
    ..\test-results\ui-orangehrm-login-OrangeH-01657--should-logout-successfully-chromium\test-failed-1.png
    ────────────────────────────────────────────────────────────────────────────────────────────────

    attachment #2: video (video/webm) ──────────────────────────────────────────────────────────────
    ..\test-results\ui-orangehrm-login-OrangeH-01657--should-logout-successfully-chromium\video.webm
    ────────────────────────────────────────────────────────────────────────────────────────────────

    Error Context: ..\test-results\ui-orangehrm-login-OrangeH-01657--should-logout-successfully-chromium\error-context.md

    attachment #4: trace (application/zip) ─────────────────────────────────────────────────────────
    ..\test-results\ui-orangehrm-login-OrangeH-01657--should-logout-successfully-chromium\trace.zip
    Usage:

        npx playwright show-trace ..\test-results\ui-orangehrm-login-OrangeH-01657--should-logout-successfully-chromium\trace.zip

    ────────────────────────────────────────────────────────────────────────────────────────────────
]]>
</error>
</testcase>
</testsuite>
<testsuite name="ui\saucedemo\login.spec.ts" timestamp="2026-08-04T05:31:15.911Z" hostname="chromium" tests="3" failures="0" skipped="0" time="12.397" errors="0">
<testcase name="SauceDemo - Login Tests › should login successfully with valid credentials" classname="ui\saucedemo\login.spec.ts" time="3.634">
<system-out>
<![CDATA[2026-08-04 11:01:20 [[32minfo[39m]: Navigating to: https://www.saucedemo.com
2026-08-04 11:01:23 [[32minfo[39m]: Logging in with username: standard_user
]]>
</system-out>
</testcase>
<testcase name="SauceDemo - Login Tests › should show error with invalid credentials" classname="ui\saucedemo\login.spec.ts" time="4.331">
<system-out>
<![CDATA[2026-08-04 11:01:24 [[32minfo[39m]: Navigating to: https://www.saucedemo.com
2026-08-04 11:01:27 [[32minfo[39m]: Logging in with username: invalid_user
]]>
</system-out>
</testcase>
<testcase name="SauceDemo - Login Tests › should logout successfully" classname="ui\saucedemo\login.spec.ts" time="4.432">
<system-out>
<![CDATA[2026-08-04 11:01:28 [[32minfo[39m]: Navigating to: https://www.saucedemo.com
2026-08-04 11:01:31 [[32minfo[39m]: Logging in with username: standard_user
]]>
</system-out>
</testcase>
</testsuite>
<testsuite name="ui\saucedemo\products.spec.ts" timestamp="2026-08-04T05:31:15.911Z" hostname="chromium" tests="2" failures="0" skipped="0" time="7.084" errors="0">
<testcase name="SauceDemo - Products Tests › should display all products" classname="ui\saucedemo\products.spec.ts" time="3.765">
<system-out>
<![CDATA[2026-08-04 11:01:33 [[32minfo[39m]: Navigating to: https://www.saucedemo.com
2026-08-04 11:01:35 [[32minfo[39m]: Logging in with username: standard_user
]]>
</system-out>
</testcase>
<testcase name="SauceDemo - Products Tests › should add product to cart" classname="ui\saucedemo\products.spec.ts" time="3.319">
<system-out>
<![CDATA[2026-08-04 11:01:37 [[32minfo[39m]: Navigating to: https://www.saucedemo.com
2026-08-04 11:01:39 [[32minfo[39m]: Logging in with username: standard_user
]]>
</system-out>
</testcase>
</testsuite>
</testsuites>